#
# There is insufficient memory for the Java Runtime Environment to continue.
# Native memory allocation (malloc) failed to allocate 352336 bytes. Error detail: Chunk::new
# Possible reasons:
#   The system is out of physical RAM or swap space
#   This process is running with CompressedOops enabled, and the Java Heap may be blocking the growth of the native heap
# Possible solutions:
#   Reduce memory load on the system
#   Increase physical memory or swap space
#   Check if swap backing store is full
#   Decrease Java heap size (-Xmx/-Xms)
#   Decrease number of Java threads
#   Decrease Java thread stack sizes (-Xss)
#   Set larger code cache with -XX:ReservedCodeCacheSize=
#   JVM is running with Zero Based Compressed Oops mode in which the Java heap is
#     placed in the first 32GB address space. The Java Heap base address is the
#     maximum limit for the native heap growth. Please use -XX:HeapBaseMinAddress
#     to set the Java Heap base and to place the Java Heap above 32GB virtual address.
# This output file may be truncated or incomplete.
#
#  Out of Memory Error (arena.cpp:191), pid=5448, tid=1640
#
# JRE version: OpenJDK Runtime Environment Corretto-17.0.13.11.1 (17.0.13+11) (build 17.0.13+11-LTS)
# Java VM: OpenJDK 64-Bit Server VM Corretto-17.0.13.11.1 (17.0.13+11-LTS, mixed mode, sharing, tiered, compressed oops, compressed class ptrs, g1 gc, windows-amd64)
# No core dump will be written. Minidumps are not enabled by default on client versions of Windows
#

---------------  S U M M A R Y ------------

Command Line: -agentlib:jdwp=transport=dt_socket,address=127.0.0.1:53803,suspend=y,server=n -javaagent:C:\Users\Mykola\AppData\Local\JetBrains\IdeaIC2022.1\captureAgent\debugger-agent.jar=file:/C:/Users/Mykola/AppData/Local/Temp/capture1.props -Dfile.encoding=UTF-8 com.video.parser.VideoParserApplication

Host: 12th Gen Intel(R) Core(TM) i5-12450H, 12 cores, 15G,  Windows 10 , 64 bit Build 19041 (10.0.19041.5198)
Time: Thu Jan 16 13:01:43 2025  Windows 10 , 64 bit Build 19041 (10.0.19041.5198) elapsed time: 0.456153 seconds (0d 0h 0m 0s)

---------------  T H R E A D  ---------------

Current thread (0x00000291b21a5a00):  JavaThread "C2 CompilerThread0" daemon [_thread_in_native, id=1640, stack(0x000000fab7100000,0x000000fab7200000)]


Current CompileTask:
C2:    456  722       4       java.util.jar.JarFile::getEntry (35 bytes)

Stack: [0x000000fab7100000,0x000000fab7200000]
Native frames: (J=compiled Java code, j=interpreted, Vv=VM code, C=native code)
V  [jvm.dll+0x680c19]
V  [jvm.dll+0x83888a]
V  [jvm.dll+0x83a34e]
V  [jvm.dll+0x83a9b3]
V  [jvm.dll+0x2481af]
V  [jvm.dll+0xac9f4]
V  [jvm.dll+0xad03c]
V  [jvm.dll+0x2af7df]
V  [jvm.dll+0x587047]
V  [jvm.dll+0x223012]
V  [jvm.dll+0x21bf0d]
V  [jvm.dll+0x219a31]
V  [jvm.dll+0x1a58ed]
V  [jvm.dll+0x22988d]
V  [jvm.dll+0x227a1c]
V  [jvm.dll+0x7ed737]
V  [jvm.dll+0x7e7b2c]
V  [jvm.dll+0x67fae7]
C  [ucrtbase.dll+0x21bb2]
C  [KERNEL32.DLL+0x17374]
C  [ntdll.dll+0x4cc91]


---------------  P R O C E S S  ---------------

Threads class SMR info:
_java_thread_list=0x00000291b2cb9b90, length=16, elements={
0x000002918f7ebb70, 0x00000291b21833c0, 0x00000291b2184150, 0x00000291b219aa10,
0x00000291b219e400, 0x00000291b21a2ce0, 0x00000291b21a3fd0, 0x00000291b21a5a00,
0x00000291b21b1ad0, 0x00000291b21b7020, 0x00000291b2bc2d20, 0x00000291b2bec870,
0x00000291b2c5c350, 0x00000291b2cc0560, 0x00000291b2cc1200, 0x00000291b2cbd9e0
}

Java Threads: ( => current thread )
  0x000002918f7ebb70 JavaThread "main" [_thread_in_Java, id=12420, stack(0x000000fab6400000,0x000000fab6500000)]
  0x00000291b21833c0 JavaThread "Reference Handler" daemon [_thread_blocked, id=24472, stack(0x000000fab6b00000,0x000000fab6c00000)]
  0x00000291b2184150 JavaThread "Finalizer" daemon [_thread_blocked, id=4244, stack(0x000000fab6c00000,0x000000fab6d00000)]
  0x00000291b219aa10 JavaThread "Signal Dispatcher" daemon [_thread_blocked, id=15704, stack(0x000000fab6d00000,0x000000fab6e00000)]
  0x00000291b219e400 JavaThread "Attach Listener" daemon [_thread_blocked, id=18648, stack(0x000000fab6e00000,0x000000fab6f00000)]
  0x00000291b21a2ce0 JavaThread "Service Thread" daemon [_thread_blocked, id=2612, stack(0x000000fab6f00000,0x000000fab7000000)]
  0x00000291b21a3fd0 JavaThread "Monitor Deflation Thread" daemon [_thread_blocked, id=24644, stack(0x000000fab7000000,0x000000fab7100000)]
=>0x00000291b21a5a00 JavaThread "C2 CompilerThread0" daemon [_thread_in_native, id=1640, stack(0x000000fab7100000,0x000000fab7200000)]
  0x00000291b21b1ad0 JavaThread "C1 CompilerThread0" daemon [_thread_blocked, id=13400, stack(0x000000fab7200000,0x000000fab7300000)]
  0x00000291b21b7020 JavaThread "Sweeper thread" daemon [_thread_blocked, id=16032, stack(0x000000fab7300000,0x000000fab7400000)]
  0x00000291b2bc2d20 JavaThread "Common-Cleaner" daemon [_thread_blocked, id=9236, stack(0x000000fab7400000,0x000000fab7500000)]
  0x00000291b2bec870 JavaThread "C2 CompilerThread1" daemon [_thread_in_vm, id=5724, stack(0x000000fab7500000,0x000000fab7600000)]
  0x00000291b2c5c350 JavaThread "JDWP Transport Listener: dt_socket" daemon [_thread_blocked, id=3660, stack(0x000000fab7600000,0x000000fab7700000)]
  0x00000291b2cc0560 JavaThread "JDWP Event Helper Thread" daemon [_thread_in_vm, id=24904, stack(0x000000fab7700000,0x000000fab7800000)]
  0x00000291b2cc1200 JavaThread "JDWP Command Reader" daemon [_thread_in_native, id=6544, stack(0x000000fab7800000,0x000000fab7900000)]
  0x00000291b2cbd9e0 JavaThread "Notification Thread" daemon [_thread_blocked, id=23112, stack(0x000000fab7900000,0x000000fab7a00000)]

Other Threads:
  0x00000291b217fe00 VMThread "VM Thread" [stack: 0x000000fab6a00000,0x000000fab6b00000] [id=26420]
  0x00000291b2c9a600 WatcherThread [stack: 0x000000fab7a00000,0x000000fab7b00000] [id=5556]
  0x000002918f852ed0 GCTaskThread "GC Thread#0" [stack: 0x000000fab6500000,0x000000fab6600000] [id=14592]
  0x000002918f8638d0 ConcurrentGCThread "G1 Main Marker" [stack: 0x000000fab6600000,0x000000fab6700000] [id=20524]
  0x000002918f864200 ConcurrentGCThread "G1 Conc#0" [stack: 0x000000fab6700000,0x000000fab6800000] [id=21776]
  0x00000291b20b8a50 ConcurrentGCThread "G1 Refine#0" [stack: 0x000000fab6800000,0x000000fab6900000] [id=6776]
  0x00000291b20b9390 ConcurrentGCThread "G1 Service" [stack: 0x000000fab6900000,0x000000fab6a00000] [id=23024]

Threads with active compile tasks:
C2 CompilerThread0      467  722       4       java.util.jar.JarFile::getEntry (35 bytes)
C2 CompilerThread1      467  743  s!   4       jdk.internal.loader.URLClassPath::getLoader (194 bytes)

VM state: not at safepoint (normal execution)

VM Mutex/Monitor currently owned by a thread: None

Heap address: 0x0000000704a00000, size: 4022 MB, Compressed Oops mode: Zero based, Oop shift amount: 3

CDS archive(s) mapped at: [0x00000291b3000000-0x00000291b3bb0000-0x00000291b3bb0000), size 12255232, SharedBaseAddress: 0x00000291b3000000, ArchiveRelocationMode: 1.
Compressed class space mapped at: 0x00000291b4000000-0x00000291f4000000, reserved size: 1073741824
Narrow klass base: 0x00000291b3000000, Narrow klass shift: 0, Narrow klass range: 0x100000000

GC Precious Log:
 CPUs: 12 total, 12 available
 Memory: 16085M
 Large Page Support: Disabled
 NUMA Support: Disabled
 Compressed Oops: Enabled (Zero based)
 Heap Region Size: 2M
 Heap Min Capacity: 8M
 Heap Initial Capacity: 252M
 Heap Max Capacity: 4022M
 Pre-touch: Disabled
 Parallel Workers: 10
 Concurrent Workers: 3
 Concurrent Refinement Workers: 10
 Periodic GC: Disabled

Heap:
 garbage-first heap   total 258048K, used 12288K [0x0000000704a00000, 0x0000000800000000)
  region size 2048K, 8 young (16384K), 0 survivors (0K)
 Metaspace       used 2982K, committed 3136K, reserved 1114112K
  class space    used 285K, committed 384K, reserved 1048576K

Heap Regions: E=young(eden), S=young(survivor), O=old, HS=humongous(starts), HC=humongous(continues), CS=collection set, F=free, OA=open archive, CA=closed archive, TAMS=top-at-mark-start (previous, next)
|   0|0x0000000704a00000, 0x0000000704a00000, 0x0000000704c00000|  0%| F|  |TAMS 0x0000000704a00000, 0x0000000704a00000| Untracked 
|   1|0x0000000704c00000, 0x0000000704c00000, 0x0000000704e00000|  0%| F|  |TAMS 0x0000000704c00000, 0x0000000704c00000| Untracked 
|   2|0x0000000704e00000, 0x0000000704e00000, 0x0000000705000000|  0%| F|  |TAMS 0x0000000704e00000, 0x0000000704e00000| Untracked 
|   3|0x0000000705000000, 0x0000000705000000, 0x0000000705200000|  0%| F|  |TAMS 0x0000000705000000, 0x0000000705000000| Untracked 
|   4|0x0000000705200000, 0x0000000705200000, 0x0000000705400000|  0%| F|  |TAMS 0x0000000705200000, 0x0000000705200000| Untracked 
|   5|0x0000000705400000, 0x0000000705400000, 0x0000000705600000|  0%| F|  |TAMS 0x0000000705400000, 0x0000000705400000| Untracked 
|   6|0x0000000705600000, 0x0000000705600000, 0x0000000705800000|  0%| F|  |TAMS 0x0000000705600000, 0x0000000705600000| Untracked 
|   7|0x0000000705800000, 0x0000000705800000, 0x0000000705a00000|  0%| F|  |TAMS 0x0000000705800000, 0x0000000705800000| Untracked 
|   8|0x0000000705a00000, 0x0000000705a00000, 0x0000000705c00000|  0%| F|  |TAMS 0x0000000705a00000, 0x0000000705a00000| Untracked 
|   9|0x0000000705c00000, 0x0000000705c00000, 0x0000000705e00000|  0%| F|  |TAMS 0x0000000705c00000, 0x0000000705c00000| Untracked 
|  10|0x0000000705e00000, 0x0000000705e00000, 0x0000000706000000|  0%| F|  |TAMS 0x0000000705e00000, 0x0000000705e00000| Untracked 
|  11|0x0000000706000000, 0x0000000706000000, 0x0000000706200000|  0%| F|  |TAMS 0x0000000706000000, 0x0000000706000000| Untracked 
|  12|0x0000000706200000, 0x0000000706200000, 0x0000000706400000|  0%| F|  |TAMS 0x0000000706200000, 0x0000000706200000| Untracked 
|  13|0x0000000706400000, 0x0000000706400000, 0x0000000706600000|  0%| F|  |TAMS 0x0000000706400000, 0x0000000706400000| Untracked 
|  14|0x0000000706600000, 0x0000000706600000, 0x0000000706800000|  0%| F|  |TAMS 0x0000000706600000, 0x0000000706600000| Untracked 
|  15|0x0000000706800000, 0x0000000706800000, 0x0000000706a00000|  0%| F|  |TAMS 0x0000000706800000, 0x0000000706800000| Untracked 
|  16|0x0000000706a00000, 0x0000000706a00000, 0x0000000706c00000|  0%| F|  |TAMS 0x0000000706a00000, 0x0000000706a00000| Untracked 
|  17|0x0000000706c00000, 0x0000000706c00000, 0x0000000706e00000|  0%| F|  |TAMS 0x0000000706c00000, 0x0000000706c00000| Untracked 
|  18|0x0000000706e00000, 0x0000000706e00000, 0x0000000707000000|  0%| F|  |TAMS 0x0000000706e00000, 0x0000000706e00000| Untracked 
|  19|0x0000000707000000, 0x0000000707000000, 0x0000000707200000|  0%| F|  |TAMS 0x0000000707000000, 0x0000000707000000| Untracked 
|  20|0x0000000707200000, 0x0000000707200000, 0x0000000707400000|  0%| F|  |TAMS 0x0000000707200000, 0x0000000707200000| Untracked 
|  21|0x0000000707400000, 0x0000000707400000, 0x0000000707600000|  0%| F|  |TAMS 0x0000000707400000, 0x0000000707400000| Untracked 
|  22|0x0000000707600000, 0x0000000707600000, 0x0000000707800000|  0%| F|  |TAMS 0x0000000707600000, 0x0000000707600000| Untracked 
|  23|0x0000000707800000, 0x0000000707800000, 0x0000000707a00000|  0%| F|  |TAMS 0x0000000707800000, 0x0000000707800000| Untracked 
|  24|0x0000000707a00000, 0x0000000707a00000, 0x0000000707c00000|  0%| F|  |TAMS 0x0000000707a00000, 0x0000000707a00000| Untracked 
|  25|0x0000000707c00000, 0x0000000707c00000, 0x0000000707e00000|  0%| F|  |TAMS 0x0000000707c00000, 0x0000000707c00000| Untracked 
|  26|0x0000000707e00000, 0x0000000707e00000, 0x0000000708000000|  0%| F|  |TAMS 0x0000000707e00000, 0x0000000707e00000| Untracked 
|  27|0x0000000708000000, 0x0000000708000000, 0x0000000708200000|  0%| F|  |TAMS 0x0000000708000000, 0x0000000708000000| Untracked 
|  28|0x0000000708200000, 0x0000000708200000, 0x0000000708400000|  0%| F|  |TAMS 0x0000000708200000, 0x0000000708200000| Untracked 
|  29|0x0000000708400000, 0x0000000708400000, 0x0000000708600000|  0%| F|  |TAMS 0x0000000708400000, 0x0000000708400000| Untracked 
|  30|0x0000000708600000, 0x0000000708600000, 0x0000000708800000|  0%| F|  |TAMS 0x0000000708600000, 0x0000000708600000| Untracked 
|  31|0x0000000708800000, 0x0000000708800000, 0x0000000708a00000|  0%| F|  |TAMS 0x0000000708800000, 0x0000000708800000| Untracked 
|  32|0x0000000708a00000, 0x0000000708a00000, 0x0000000708c00000|  0%| F|  |TAMS 0x0000000708a00000, 0x0000000708a00000| Untracked 
|  33|0x0000000708c00000, 0x0000000708c00000, 0x0000000708e00000|  0%| F|  |TAMS 0x0000000708c00000, 0x0000000708c00000| Untracked 
|  34|0x0000000708e00000, 0x0000000708e00000, 0x0000000709000000|  0%| F|  |TAMS 0x0000000708e00000, 0x0000000708e00000| Untracked 
|  35|0x0000000709000000, 0x0000000709000000, 0x0000000709200000|  0%| F|  |TAMS 0x0000000709000000, 0x0000000709000000| Untracked 
|  36|0x0000000709200000, 0x0000000709200000, 0x0000000709400000|  0%| F|  |TAMS 0x0000000709200000, 0x0000000709200000| Untracked 
|  37|0x0000000709400000, 0x0000000709400000, 0x0000000709600000|  0%| F|  |TAMS 0x0000000709400000, 0x0000000709400000| Untracked 
|  38|0x0000000709600000, 0x0000000709600000, 0x0000000709800000|  0%| F|  |TAMS 0x0000000709600000, 0x0000000709600000| Untracked 
|  39|0x0000000709800000, 0x0000000709800000, 0x0000000709a00000|  0%| F|  |TAMS 0x0000000709800000, 0x0000000709800000| Untracked 
|  40|0x0000000709a00000, 0x0000000709a00000, 0x0000000709c00000|  0%| F|  |TAMS 0x0000000709a00000, 0x0000000709a00000| Untracked 
|  41|0x0000000709c00000, 0x0000000709c00000, 0x0000000709e00000|  0%| F|  |TAMS 0x0000000709c00000, 0x0000000709c00000| Untracked 
|  42|0x0000000709e00000, 0x0000000709e00000, 0x000000070a000000|  0%| F|  |TAMS 0x0000000709e00000, 0x0000000709e00000| Untracked 
|  43|0x000000070a000000, 0x000000070a000000, 0x000000070a200000|  0%| F|  |TAMS 0x000000070a000000, 0x000000070a000000| Untracked 
|  44|0x000000070a200000, 0x000000070a200000, 0x000000070a400000|  0%| F|  |TAMS 0x000000070a200000, 0x000000070a200000| Untracked 
|  45|0x000000070a400000, 0x000000070a400000, 0x000000070a600000|  0%| F|  |TAMS 0x000000070a400000, 0x000000070a400000| Untracked 
|  46|0x000000070a600000, 0x000000070a600000, 0x000000070a800000|  0%| F|  |TAMS 0x000000070a600000, 0x000000070a600000| Untracked 
|  47|0x000000070a800000, 0x000000070a800000, 0x000000070aa00000|  0%| F|  |TAMS 0x000000070a800000, 0x000000070a800000| Untracked 
|  48|0x000000070aa00000, 0x000000070aa00000, 0x000000070ac00000|  0%| F|  |TAMS 0x000000070aa00000, 0x000000070aa00000| Untracked 
|  49|0x000000070ac00000, 0x000000070ac00000, 0x000000070ae00000|  0%| F|  |TAMS 0x000000070ac00000, 0x000000070ac00000| Untracked 
|  50|0x000000070ae00000, 0x000000070ae00000, 0x000000070b000000|  0%| F|  |TAMS 0x000000070ae00000, 0x000000070ae00000| Untracked 
|  51|0x000000070b000000, 0x000000070b000000, 0x000000070b200000|  0%| F|  |TAMS 0x000000070b000000, 0x000000070b000000| Untracked 
|  52|0x000000070b200000, 0x000000070b200000, 0x000000070b400000|  0%| F|  |TAMS 0x000000070b200000, 0x000000070b200000| Untracked 
|  53|0x000000070b400000, 0x000000070b400000, 0x000000070b600000|  0%| F|  |TAMS 0x000000070b400000, 0x000000070b400000| Untracked 
|  54|0x000000070b600000, 0x000000070b600000, 0x000000070b800000|  0%| F|  |TAMS 0x000000070b600000, 0x000000070b600000| Untracked 
|  55|0x000000070b800000, 0x000000070b800000, 0x000000070ba00000|  0%| F|  |TAMS 0x000000070b800000, 0x000000070b800000| Untracked 
|  56|0x000000070ba00000, 0x000000070ba00000, 0x000000070bc00000|  0%| F|  |TAMS 0x000000070ba00000, 0x000000070ba00000| Untracked 
|  57|0x000000070bc00000, 0x000000070bc00000, 0x000000070be00000|  0%| F|  |TAMS 0x000000070bc00000, 0x000000070bc00000| Untracked 
|  58|0x000000070be00000, 0x000000070be00000, 0x000000070c000000|  0%| F|  |TAMS 0x000000070be00000, 0x000000070be00000| Untracked 
|  59|0x000000070c000000, 0x000000070c000000, 0x000000070c200000|  0%| F|  |TAMS 0x000000070c000000, 0x000000070c000000| Untracked 
|  60|0x000000070c200000, 0x000000070c200000, 0x000000070c400000|  0%| F|  |TAMS 0x000000070c200000, 0x000000070c200000| Untracked 
|  61|0x000000070c400000, 0x000000070c400000, 0x000000070c600000|  0%| F|  |TAMS 0x000000070c400000, 0x000000070c400000| Untracked 
|  62|0x000000070c600000, 0x000000070c600000, 0x000000070c800000|  0%| F|  |TAMS 0x000000070c600000, 0x000000070c600000| Untracked 
|  63|0x000000070c800000, 0x000000070c800000, 0x000000070ca00000|  0%| F|  |TAMS 0x000000070c800000, 0x000000070c800000| Untracked 
|  64|0x000000070ca00000, 0x000000070ca00000, 0x000000070cc00000|  0%| F|  |TAMS 0x000000070ca00000, 0x000000070ca00000| Untracked 
|  65|0x000000070cc00000, 0x000000070cc00000, 0x000000070ce00000|  0%| F|  |TAMS 0x000000070cc00000, 0x000000070cc00000| Untracked 
|  66|0x000000070ce00000, 0x000000070ce00000, 0x000000070d000000|  0%| F|  |TAMS 0x000000070ce00000, 0x000000070ce00000| Untracked 
|  67|0x000000070d000000, 0x000000070d000000, 0x000000070d200000|  0%| F|  |TAMS 0x000000070d000000, 0x000000070d000000| Untracked 
|  68|0x000000070d200000, 0x000000070d200000, 0x000000070d400000|  0%| F|  |TAMS 0x000000070d200000, 0x000000070d200000| Untracked 
|  69|0x000000070d400000, 0x000000070d400000, 0x000000070d600000|  0%| F|  |TAMS 0x000000070d400000, 0x000000070d400000| Untracked 
|  70|0x000000070d600000, 0x000000070d600000, 0x000000070d800000|  0%| F|  |TAMS 0x000000070d600000, 0x000000070d600000| Untracked 
|  71|0x000000070d800000, 0x000000070d800000, 0x000000070da00000|  0%| F|  |TAMS 0x000000070d800000, 0x000000070d800000| Untracked 
|  72|0x000000070da00000, 0x000000070da00000, 0x000000070dc00000|  0%| F|  |TAMS 0x000000070da00000, 0x000000070da00000| Untracked 
|  73|0x000000070dc00000, 0x000000070dc00000, 0x000000070de00000|  0%| F|  |TAMS 0x000000070dc00000, 0x000000070dc00000| Untracked 
|  74|0x000000070de00000, 0x000000070de00000, 0x000000070e000000|  0%| F|  |TAMS 0x000000070de00000, 0x000000070de00000| Untracked 
|  75|0x000000070e000000, 0x000000070e000000, 0x000000070e200000|  0%| F|  |TAMS 0x000000070e000000, 0x000000070e000000| Untracked 
|  76|0x000000070e200000, 0x000000070e200000, 0x000000070e400000|  0%| F|  |TAMS 0x000000070e200000, 0x000000070e200000| Untracked 
|  77|0x000000070e400000, 0x000000070e400000, 0x000000070e600000|  0%| F|  |TAMS 0x000000070e400000, 0x000000070e400000| Untracked 
|  78|0x000000070e600000, 0x000000070e600000, 0x000000070e800000|  0%| F|  |TAMS 0x000000070e600000, 0x000000070e600000| Untracked 
|  79|0x000000070e800000, 0x000000070e800000, 0x000000070ea00000|  0%| F|  |TAMS 0x000000070e800000, 0x000000070e800000| Untracked 
|  80|0x000000070ea00000, 0x000000070ea00000, 0x000000070ec00000|  0%| F|  |TAMS 0x000000070ea00000, 0x000000070ea00000| Untracked 
|  81|0x000000070ec00000, 0x000000070ec00000, 0x000000070ee00000|  0%| F|  |TAMS 0x000000070ec00000, 0x000000070ec00000| Untracked 
|  82|0x000000070ee00000, 0x000000070ee00000, 0x000000070f000000|  0%| F|  |TAMS 0x000000070ee00000, 0x000000070ee00000| Untracked 
|  83|0x000000070f000000, 0x000000070f000000, 0x000000070f200000|  0%| F|  |TAMS 0x000000070f000000, 0x000000070f000000| Untracked 
|  84|0x000000070f200000, 0x000000070f200000, 0x000000070f400000|  0%| F|  |TAMS 0x000000070f200000, 0x000000070f200000| Untracked 
|  85|0x000000070f400000, 0x000000070f400000, 0x000000070f600000|  0%| F|  |TAMS 0x000000070f400000, 0x000000070f400000| Untracked 
|  86|0x000000070f600000, 0x000000070f600000, 0x000000070f800000|  0%| F|  |TAMS 0x000000070f600000, 0x000000070f600000| Untracked 
|  87|0x000000070f800000, 0x000000070f800000, 0x000000070fa00000|  0%| F|  |TAMS 0x000000070f800000, 0x000000070f800000| Untracked 
|  88|0x000000070fa00000, 0x000000070fa00000, 0x000000070fc00000|  0%| F|  |TAMS 0x000000070fa00000, 0x000000070fa00000| Untracked 
|  89|0x000000070fc00000, 0x000000070fc00000, 0x000000070fe00000|  0%| F|  |TAMS 0x000000070fc00000, 0x000000070fc00000| Untracked 
|  90|0x000000070fe00000, 0x000000070fe00000, 0x0000000710000000|  0%| F|  |TAMS 0x000000070fe00000, 0x000000070fe00000| Untracked 
|  91|0x0000000710000000, 0x0000000710000000, 0x0000000710200000|  0%| F|  |TAMS 0x0000000710000000, 0x0000000710000000| Untracked 
|  92|0x0000000710200000, 0x0000000710200000, 0x0000000710400000|  0%| F|  |TAMS 0x0000000710200000, 0x0000000710200000| Untracked 
|  93|0x0000000710400000, 0x0000000710400000, 0x0000000710600000|  0%| F|  |TAMS 0x0000000710400000, 0x0000000710400000| Untracked 
|  94|0x0000000710600000, 0x0000000710600000, 0x0000000710800000|  0%| F|  |TAMS 0x0000000710600000, 0x0000000710600000| Untracked 
|  95|0x0000000710800000, 0x0000000710800000, 0x0000000710a00000|  0%| F|  |TAMS 0x0000000710800000, 0x0000000710800000| Untracked 
|  96|0x0000000710a00000, 0x0000000710a00000, 0x0000000710c00000|  0%| F|  |TAMS 0x0000000710a00000, 0x0000000710a00000| Untracked 
|  97|0x0000000710c00000, 0x0000000710c00000, 0x0000000710e00000|  0%| F|  |TAMS 0x0000000710c00000, 0x0000000710c00000| Untracked 
|  98|0x0000000710e00000, 0x0000000710e00000, 0x0000000711000000|  0%| F|  |TAMS 0x0000000710e00000, 0x0000000710e00000| Untracked 
|  99|0x0000000711000000, 0x0000000711000000, 0x0000000711200000|  0%| F|  |TAMS 0x0000000711000000, 0x0000000711000000| Untracked 
| 100|0x0000000711200000, 0x0000000711200000, 0x0000000711400000|  0%| F|  |TAMS 0x0000000711200000, 0x0000000711200000| Untracked 
| 101|0x0000000711400000, 0x0000000711400000, 0x0000000711600000|  0%| F|  |TAMS 0x0000000711400000, 0x0000000711400000| Untracked 
| 102|0x0000000711600000, 0x0000000711600000, 0x0000000711800000|  0%| F|  |TAMS 0x0000000711600000, 0x0000000711600000| Untracked 
| 103|0x0000000711800000, 0x0000000711800000, 0x0000000711a00000|  0%| F|  |TAMS 0x0000000711800000, 0x0000000711800000| Untracked 
| 104|0x0000000711a00000, 0x0000000711a00000, 0x0000000711c00000|  0%| F|  |TAMS 0x0000000711a00000, 0x0000000711a00000| Untracked 
| 105|0x0000000711c00000, 0x0000000711c00000, 0x0000000711e00000|  0%| F|  |TAMS 0x0000000711c00000, 0x0000000711c00000| Untracked 
| 106|0x0000000711e00000, 0x0000000711e00000, 0x0000000712000000|  0%| F|  |TAMS 0x0000000711e00000, 0x0000000711e00000| Untracked 
| 107|0x0000000712000000, 0x0000000712000000, 0x0000000712200000|  0%| F|  |TAMS 0x0000000712000000, 0x0000000712000000| Untracked 
| 108|0x0000000712200000, 0x0000000712200000, 0x0000000712400000|  0%| F|  |TAMS 0x0000000712200000, 0x0000000712200000| Untracked 
| 109|0x0000000712400000, 0x0000000712400000, 0x0000000712600000|  0%| F|  |TAMS 0x0000000712400000, 0x0000000712400000| Untracked 
| 110|0x0000000712600000, 0x0000000712600000, 0x0000000712800000|  0%| F|  |TAMS 0x0000000712600000, 0x0000000712600000| Untracked 
| 111|0x0000000712800000, 0x0000000712800000, 0x0000000712a00000|  0%| F|  |TAMS 0x0000000712800000, 0x0000000712800000| Untracked 
| 112|0x0000000712a00000, 0x0000000712a00000, 0x0000000712c00000|  0%| F|  |TAMS 0x0000000712a00000, 0x0000000712a00000| Untracked 
| 113|0x0000000712c00000, 0x0000000712c00000, 0x0000000712e00000|  0%| F|  |TAMS 0x0000000712c00000, 0x0000000712c00000| Untracked 
| 114|0x0000000712e00000, 0x0000000712e00000, 0x0000000713000000|  0%| F|  |TAMS 0x0000000712e00000, 0x0000000712e00000| Untracked 
| 115|0x0000000713000000, 0x0000000713000000, 0x0000000713200000|  0%| F|  |TAMS 0x0000000713000000, 0x0000000713000000| Untracked 
| 116|0x0000000713200000, 0x0000000713200000, 0x0000000713400000|  0%| F|  |TAMS 0x0000000713200000, 0x0000000713200000| Untracked 
| 117|0x0000000713400000, 0x0000000713400000, 0x0000000713600000|  0%| F|  |TAMS 0x0000000713400000, 0x0000000713400000| Untracked 
| 118|0x0000000713600000, 0x00000007137d8270, 0x0000000713800000| 92%| E|  |TAMS 0x0000000713600000, 0x0000000713600000| Complete 
| 119|0x0000000713800000, 0x0000000713a00000, 0x0000000713a00000|100%| E|CS|TAMS 0x0000000713800000, 0x0000000713800000| Complete 
| 120|0x0000000713a00000, 0x0000000713c00000, 0x0000000713c00000|100%| E|CS|TAMS 0x0000000713a00000, 0x0000000713a00000| Complete 
| 121|0x0000000713c00000, 0x0000000713e00000, 0x0000000713e00000|100%| E|CS|TAMS 0x0000000713c00000, 0x0000000713c00000| Complete 
| 122|0x0000000713e00000, 0x0000000714000000, 0x0000000714000000|100%| E|CS|TAMS 0x0000000713e00000, 0x0000000713e00000| Complete 
| 123|0x0000000714000000, 0x0000000714200000, 0x0000000714200000|100%| E|CS|TAMS 0x0000000714000000, 0x0000000714000000| Complete 
| 124|0x0000000714200000, 0x0000000714400000, 0x0000000714400000|100%| E|  |TAMS 0x0000000714200000, 0x0000000714200000| Complete 
| 125|0x0000000714400000, 0x0000000714600000, 0x0000000714600000|100%| E|CS|TAMS 0x0000000714400000, 0x0000000714400000| Complete 

Card table byte_map: [0x00000291a7020000,0x00000291a7800000] _byte_map_base: 0x00000291a37fb000

Marking Bits (Prev, Next): (CMBitMap*) 0x000002918f853300, (CMBitMap*) 0x000002918f853340
 Prev Bits: [0x00000291a7fe0000, 0x00000291abeb8000)
 Next Bits: [0x00000291abec0000, 0x00000291afd98000)

Polling page: 0x000002918ef70000

Metaspace:

Usage:
  Non-class:      2.65 MB used.
      Class:    288.19 KB used.
       Both:      2.93 MB used.

Virtual space:
  Non-class space:       64.00 MB reserved,       2.75 MB (  4%) committed,  1 nodes.
      Class space:        1.00 GB reserved,     384.00 KB ( <1%) committed,  1 nodes.
             Both:        1.06 GB reserved,       3.12 MB ( <1%) committed. 

Chunk freelists:
   Non-Class:  10.84 MB
       Class:  15.57 MB
        Both:  26.42 MB

MaxMetaspaceSize: unlimited
CompressedClassSpaceSize: 1.00 GB
Initial GC threshold: 21.00 MB
Current GC threshold: 21.00 MB
CDS: on
MetaspaceReclaimPolicy: balanced
 - commit_granule_bytes: 65536.
 - commit_granule_words: 8192.
 - virtual_space_node_default_size: 8388608.
 - enlarge_chunks_in_place: 1.
 - new_chunks_are_fully_committed: 0.
 - uncommit_free_chunks: 1.
 - use_allocation_guard: 0.
 - handle_deallocations: 1.


Internal statistics:

num_allocs_failed_limit: 0.
num_arena_births: 60.
num_arena_deaths: 0.
num_vsnodes_births: 2.
num_vsnodes_deaths: 0.
num_space_committed: 50.
num_space_uncommitted: 0.
num_chunks_returned_to_freelist: 0.
num_chunks_taken_from_freelist: 122.
num_chunk_merges: 0.
num_chunk_splits: 83.
num_chunks_enlarged: 63.
num_inconsistent_stats: 0.

CodeHeap 'non-profiled nmethods': size=120000Kb used=287Kb max_used=287Kb free=119712Kb
 bounds [0x000002919edc0000, 0x000002919f030000, 0x00000291a62f0000]
CodeHeap 'profiled nmethods': size=120000Kb used=1318Kb max_used=1318Kb free=118681Kb
 bounds [0x00000291972f0000, 0x0000029197560000, 0x000002919e820000]
CodeHeap 'non-nmethods': size=5760Kb used=1210Kb max_used=1230Kb free=4549Kb
 bounds [0x000002919e820000, 0x000002919ea90000, 0x000002919edc0000]
 total_blobs=1187 nmethods=759 adapters=341
 compilation: enabled
              stopped_count=0, restarted_count=0
 full_count=0

Compilation events (20 events):
Event: 0.445 Thread 0x00000291b21b1ad0  730  s    3       jdk.internal.loader.Resource::cachedInputStream (20 bytes)
Event: 0.445 Thread 0x00000291b21b1ad0 nmethod 730 0x0000029197426210 code [0x00000291974263c0, 0x00000291974266e8]
Event: 0.445 Thread 0x00000291b21b1ad0  731       3       java.security.CodeSource::getCertificates (98 bytes)
Event: 0.446 Thread 0x00000291b21b1ad0 nmethod 731 0x0000029197426790 code [0x0000029197426a00, 0x0000029197427658]
Event: 0.449 Thread 0x00000291b21b1ad0  733       3       java.lang.invoke.MemberName::getMethodOrFieldType (72 bytes)
Event: 0.450 Thread 0x00000291b21b1ad0 nmethod 733 0x0000029197427990 code [0x0000029197427cc0, 0x0000029197428b68]
Event: 0.450 Thread 0x00000291b21b1ad0  735       3       java.lang.invoke.MethodType$ConcurrentWeakInternSet::get (47 bytes)
Event: 0.450 Thread 0x00000291b21b1ad0 nmethod 735 0x0000029197429090 code [0x00000291974292c0, 0x0000029197429c78]
Event: 0.450 Thread 0x00000291b21b1ad0  740       3       java.lang.invoke.MethodType$ConcurrentWeakInternSet::expungeStaleElements (27 bytes)
Event: 0.450 Thread 0x00000291b21b1ad0 nmethod 740 0x000002919742a010 code [0x000002919742a1e0, 0x000002919742a6d8]
Event: 0.450 Thread 0x00000291b21b1ad0  739       3       jdk.internal.org.objectweb.asm.SymbolTable::addConstantUtf8Reference (101 bytes)
Event: 0.451 Thread 0x00000291b21b1ad0 nmethod 739 0x000002919742a910 code [0x000002919742ab20, 0x000002919742b118]
Event: 0.451 Thread 0x00000291b21b1ad0  738       3       java.lang.reflect.Modifier::isStatic (13 bytes)
Event: 0.451 Thread 0x00000291b21b1ad0 nmethod 738 0x000002919742b490 code [0x000002919742b620, 0x000002919742b758]
Event: 0.451 Thread 0x00000291b21b1ad0  741       3       java.lang.invoke.MemberName::isStatic (8 bytes)
Event: 0.451 Thread 0x00000291b21b1ad0 nmethod 741 0x000002919742b810 code [0x000002919742b9a0, 0x000002919742bb58]
Event: 0.451 Thread 0x00000291b21b1ad0  734       3       java.lang.invoke.MethodType::parameterCount (6 bytes)
Event: 0.451 Thread 0x00000291b21b1ad0 nmethod 734 0x000002919742bc10 code [0x000002919742bda0, 0x000002919742beb8]
Event: 0.451 Thread 0x00000291b21b1ad0  736       1       java.lang.invoke.MethodTypeForm::basicType (5 bytes)
Event: 0.451 Thread 0x00000291b21b1ad0 nmethod 736 0x000002919ee02990 code [0x000002919ee02b20, 0x000002919ee02bf8]

GC Heap History (0 events):
No events

Dll operation events (8 events):
Event: 0.011 Loaded shared library C:\Users\Mykola\.jdks\corretto-17.0.13\bin\java.dll
Event: 0.012 Loaded shared library C:\Users\Mykola\.jdks\corretto-17.0.13\bin\zip.dll
Event: 0.030 Loaded shared library C:\Users\Mykola\.jdks\corretto-17.0.13\bin\jsvml.dll
Event: 0.168 Loaded shared library C:\Users\Mykola\.jdks\corretto-17.0.13\bin\instrument.dll
Event: 0.185 Loaded shared library C:\Users\Mykola\.jdks\corretto-17.0.13\bin\net.dll
Event: 0.186 Loaded shared library C:\Users\Mykola\.jdks\corretto-17.0.13\bin\nio.dll
Event: 0.190 Loaded shared library C:\Users\Mykola\.jdks\corretto-17.0.13\bin\zip.dll
Event: 0.299 Loaded shared library C:\Users\Mykola\.jdks\corretto-17.0.13\bin\jimage.dll

Deoptimization events (20 events):
Event: 0.342 Thread 0x000002918f7ebb70 Uncommon trap: trap_request=0xffffff6e fr.pc=0x000002919ede1c74 relative=0x0000000000000174
Event: 0.342 Thread 0x000002918f7ebb70 Uncommon trap: reason=loop_limit_check action=maybe_recompile pc=0x000002919ede1c74 method=java.lang.StringLatin1.lastIndexOf([BII)I @ 19 c2
Event: 0.342 Thread 0x000002918f7ebb70 DEOPT PACKING pc=0x000002919ede1c74 sp=0x000000fab64fc940
Event: 0.342 Thread 0x000002918f7ebb70 DEOPT UNPACKING pc=0x000002919e8769a3 sp=0x000000fab64fc8d0 mode 2
Event: 0.346 Thread 0x000002918f7ebb70 Uncommon trap: trap_request=0xffffff45 fr.pc=0x000002919edea9b8 relative=0x0000000000000298
Event: 0.346 Thread 0x000002918f7ebb70 Uncommon trap: reason=unstable_if action=reinterpret pc=0x000002919edea9b8 method=java.io.BufferedReader.read()I @ 19 c2
Event: 0.346 Thread 0x000002918f7ebb70 DEOPT PACKING pc=0x000002919edea9b8 sp=0x000000fab64fc9c0
Event: 0.346 Thread 0x000002918f7ebb70 DEOPT UNPACKING pc=0x000002919e8769a3 sp=0x000000fab64fc900 mode 2
Event: 0.346 Thread 0x000002918f7ebb70 Uncommon trap: trap_request=0xffffff45 fr.pc=0x000002919edea39c relative=0x000000000000027c
Event: 0.346 Thread 0x000002918f7ebb70 Uncommon trap: reason=unstable_if action=reinterpret pc=0x000002919edea39c method=java.io.BufferedReader.read()I @ 19 c2
Event: 0.346 Thread 0x000002918f7ebb70 DEOPT PACKING pc=0x000002919edea39c sp=0x000000fab64fc7f0
Event: 0.346 Thread 0x000002918f7ebb70 DEOPT UNPACKING pc=0x000002919e8769a3 sp=0x000000fab64fc7a0 mode 2
Event: 0.358 Thread 0x000002918f7ebb70 Uncommon trap: trap_request=0xffffffde fr.pc=0x000002919ede5f74 relative=0x0000000000000434
Event: 0.358 Thread 0x000002918f7ebb70 Uncommon trap: reason=class_check action=maybe_recompile pc=0x000002919ede5f74 method=java.util.HashMap.getNode(Ljava/lang/Object;)Ljava/util/HashMap$Node; @ 63 c2
Event: 0.358 Thread 0x000002918f7ebb70 DEOPT PACKING pc=0x000002919ede5f74 sp=0x000000fab64fd6c0
Event: 0.358 Thread 0x000002918f7ebb70 DEOPT UNPACKING pc=0x000002919e8769a3 sp=0x000000fab64fd658 mode 2
Event: 0.384 Thread 0x000002918f7ebb70 Uncommon trap: trap_request=0xffffff6e fr.pc=0x000002919edebdd8 relative=0x0000000000000438
Event: 0.384 Thread 0x000002918f7ebb70 Uncommon trap: reason=loop_limit_check action=maybe_recompile pc=0x000002919edebdd8 method=java.lang.StringLatin1.indexOf([BI[BII)I @ 37 c2
Event: 0.384 Thread 0x000002918f7ebb70 DEOPT PACKING pc=0x000002919edebdd8 sp=0x000000fab64fda30
Event: 0.384 Thread 0x000002918f7ebb70 DEOPT UNPACKING pc=0x000002919e8769a3 sp=0x000000fab64fd990 mode 2

Classes loaded (20 events):
Event: 0.445 Loading class org/springframework/web/context/ConfigurableWebApplicationContext
Event: 0.445 Loading class org/springframework/web/context/ConfigurableWebApplicationContext done
Event: 0.445 Loading class org/springframework/web/context/WebApplicationContext
Event: 0.445 Loading class org/springframework/web/context/WebApplicationContext done
Event: 0.446 Loading class org/springframework/boot/BootstrapRegistryInitializer
Event: 0.446 Loading class org/springframework/boot/BootstrapRegistryInitializer done
Event: 0.446 Loading class org/springframework/core/io/support/SpringFactoriesLoader
Event: 0.446 Loading class org/springframework/core/io/support/SpringFactoriesLoader done
Event: 0.447 Loading class org/springframework/core/io/Resource
Event: 0.447 Loading class org/springframework/core/io/Resource done
Event: 0.447 Loading class org/springframework/core/io/InputStreamSource
Event: 0.447 Loading class org/springframework/core/io/InputStreamSource done
Event: 0.448 Loading class org/springframework/core/io/support/SpringFactoriesLoader$FailureHandler
Event: 0.448 Loading class org/springframework/core/io/support/SpringFactoriesLoader$FailureHandler done
Event: 0.451 Loading class org/springframework/util/StringUtils
Event: 0.451 Loading class org/springframework/util/StringUtils done
Event: 0.453 Loading class org/springframework/util/ConcurrentReferenceHashMap$Restructure
Event: 0.453 Loading class org/springframework/util/ConcurrentReferenceHashMap$Restructure done
Event: 0.454 Loading class org/springframework/util/ConcurrentReferenceHashMap$TaskOption
Event: 0.454 Loading class org/springframework/util/ConcurrentReferenceHashMap$TaskOption done

Classes unloaded (0 events):
No events

Classes redefined (0 events):
No events

Internal exceptions (5 events):
Event: 0.344 Thread 0x000002918f7ebb70 Exception <a 'java/lang/ClassNotFoundException'{0x0000000713a7a198}: javax/smartcardio/CardPermission> (0x0000000713a7a198) 
thrown [s\src\hotspot\share\classfile\systemDictionary.cpp, line 256]
Event: 0.348 Thread 0x000002918f7ebb70 Exception <a 'java/io/FileNotFoundException'{0x0000000713a8a990}> (0x0000000713a8a990) 
thrown [s\src\hotspot\share\prims\jni.cpp, line 516]
Event: 0.375 Thread 0x000002918f7ebb70 Exception <a 'java/lang/NoSuchMethodError'{0x0000000713b20d28}: 'java.lang.Object java.lang.invoke.DirectMethodHandle$Holder.invokeSpecial(java.lang.Object, java.lang.Object, java.lang.Object, long, java.lang.Object)'> (0x0000000713b20d28) 
thrown [s\src\hotspot\share\interpreter\linkResolver.cpp, line 759]
Event: 0.376 Thread 0x000002918f7ebb70 Exception <a 'java/lang/NoSuchMethodError'{0x0000000713b24930}: 'java.lang.Object java.lang.invoke.Invokers$Holder.linkToTargetMethod(java.lang.Object, long, java.lang.Object, java.lang.Object)'> (0x0000000713b24930) 
thrown [s\src\hotspot\share\interpreter\linkResolver.cpp, line 759]
Event: 0.449 Thread 0x000002918f7ebb70 Exception <a 'java/lang/NoSuchMethodError'{0x00000007136c9eb8}: 'void java.lang.invoke.DirectMethodHandle$Holder.invokeStatic(java.lang.Object, java.lang.Object, java.lang.Object, java.lang.Object)'> (0x00000007136c9eb8) 
thrown [s\src\hotspot\share\interpreter\linkResolver.cpp, line 759]

VM Operations (12 events):
Event: 0.099 Executing VM operation: ChangeBreakpoints
Event: 0.099 Executing VM operation: ChangeBreakpoints done
Event: 0.166 Executing VM operation: ChangeBreakpoints
Event: 0.166 Executing VM operation: ChangeBreakpoints done
Event: 0.166 Executing VM operation: ChangeBreakpoints
Event: 0.166 Executing VM operation: ChangeBreakpoints done
Event: 0.307 Executing VM operation: HandshakeAllThreads
Event: 0.307 Executing VM operation: HandshakeAllThreads done
Event: 0.348 Executing VM operation: HandshakeAllThreads
Event: 0.348 Executing VM operation: HandshakeAllThreads done
Event: 0.431 Executing VM operation: HandshakeAllThreads
Event: 0.431 Executing VM operation: HandshakeAllThreads done

Memory protections (0 events):
No events

Nmethod flushes (0 events):
No events

Events (16 events):
Event: 0.030 Thread 0x000002918f7ebb70 Thread added: 0x000002918f7ebb70
Event: 0.032 Thread 0x000002918f7ebb70 Thread added: 0x00000291b21833c0
Event: 0.032 Thread 0x000002918f7ebb70 Thread added: 0x00000291b2184150
Event: 0.043 Thread 0x000002918f7ebb70 Thread added: 0x00000291b219aa10
Event: 0.043 Thread 0x000002918f7ebb70 Thread added: 0x00000291b219e400
Event: 0.043 Thread 0x000002918f7ebb70 Thread added: 0x00000291b21a2ce0
Event: 0.043 Thread 0x000002918f7ebb70 Thread added: 0x00000291b21a3fd0
Event: 0.043 Thread 0x000002918f7ebb70 Thread added: 0x00000291b21a5a00
Event: 0.043 Thread 0x000002918f7ebb70 Thread added: 0x00000291b21b1ad0
Event: 0.044 Thread 0x000002918f7ebb70 Thread added: 0x00000291b21b7020
Event: 0.081 Thread 0x000002918f7ebb70 Thread added: 0x00000291b2bc2d20
Event: 0.091 Thread 0x00000291b21b1ad0 Thread added: 0x00000291b2bec870
Event: 0.099 Thread 0x000002918f7ebb70 Thread added: 0x00000291b2c5c350
Event: 0.099 Thread 0x000002918f7ebb70 Thread added: 0x00000291b2cc0560
Event: 0.099 Thread 0x00000291b2c5c350 Thread added: 0x00000291b2cc1200
Event: 0.176 Thread 0x000002918f7ebb70 Thread added: 0x00000291b2cbd9e0


Dynamic libraries:
0x00007ff773dd0000 - 0x00007ff773dde000 	C:\Users\Mykola\.jdks\corretto-17.0.13\bin\java.exe
0x00007ffeba490000 - 0x00007ffeba688000 	C:\Windows\SYSTEM32\ntdll.dll
0x00007ffeb85e0000 - 0x00007ffeb86a2000 	C:\Windows\System32\KERNEL32.DLL
0x00007ffeb7cd0000 - 0x00007ffeb7fce000 	C:\Windows\System32\KERNELBASE.dll
0x0000000056930000 - 0x0000000056c62000 	C:\Program Files\Norton Security\NortonData\22.23.10.10\Definitions\IPSDefs\20240809.064\IPSEng64.dll
0x00007ffeb8af0000 - 0x00007ffeb8ba1000 	C:\Windows\System32\ADVAPI32.dll
0x00007ffeb94d0000 - 0x00007ffeb956e000 	C:\Windows\System32\msvcrt.dll
0x00007ffeb8760000 - 0x00007ffeb87ff000 	C:\Windows\System32\sechost.dll
0x00007ffeb84b0000 - 0x00007ffeb85d3000 	C:\Windows\System32\RPCRT4.dll
0x00007ffeb8290000 - 0x00007ffeb82b7000 	C:\Windows\System32\bcrypt.dll
0x00007ffeb90e0000 - 0x00007ffeb90e8000 	C:\Windows\System32\PSAPI.DLL
0x00007ffeb8000000 - 0x00007ffeb8100000 	C:\Windows\System32\ucrtbase.dll
0x00007ffe9bcd0000 - 0x00007ffe9bce7000 	C:\Users\Mykola\.jdks\corretto-17.0.13\bin\jli.dll
0x00007ffe9cfe0000 - 0x00007ffe9cffb000 	C:\Users\Mykola\.jdks\corretto-17.0.13\bin\VCRUNTIME140.dll
0x00007ffeb9ce0000 - 0x00007ffeb9e7d000 	C:\Windows\System32\USER32.dll
0x00007ffeb7fd0000 - 0x00007ffeb7ff2000 	C:\Windows\System32\win32u.dll
0x00007ffeb8c20000 - 0x00007ffeb8c4b000 	C:\Windows\System32\GDI32.dll
0x00007ffeb7150000 - 0x00007ffeb73ea000 	C:\Windows\WinSxS\amd64_microsoft.windows.common-controls_6595b64144ccf1df_6.0.19041.4355_none_60b8b9eb71f62e16\COMCTL32.dll
0x00007ffeb8170000 - 0x00007ffeb8287000 	C:\Windows\System32\gdi32full.dll
0x00007ffeb7b80000 - 0x00007ffeb7c1d000 	C:\Windows\System32\msvcp_win.dll
0x00007ffeba340000 - 0x00007ffeba36f000 	C:\Windows\System32\IMM32.DLL
0x00007ffeaa6d0000 - 0x00007ffeaa6dc000 	C:\Users\Mykola\.jdks\corretto-17.0.13\bin\vcruntime140_1.dll
0x00007ffe831e0000 - 0x00007ffe8326d000 	C:\Users\Mykola\.jdks\corretto-17.0.13\bin\msvcp140.dll
0x00007ffe5dcd0000 - 0x00007ffe5e93c000 	C:\Users\Mykola\.jdks\corretto-17.0.13\bin\server\jvm.dll
0x00007ffeb8bb0000 - 0x00007ffeb8c1b000 	C:\Windows\System32\WS2_32.dll
0x00007ffeb7990000 - 0x00007ffeb79db000 	C:\Windows\SYSTEM32\POWRPROF.dll
0x00007ffeae1e0000 - 0x00007ffeae1ea000 	C:\Windows\SYSTEM32\VERSION.dll
0x00007ffeaa760000 - 0x00007ffeaa787000 	C:\Windows\SYSTEM32\WINMM.dll
0x00007ffeb7970000 - 0x00007ffeb7982000 	C:\Windows\SYSTEM32\UMPDC.dll
0x00007ffeb5510000 - 0x00007ffeb5522000 	C:\Windows\SYSTEM32\kernel.appcore.dll
0x00007ffe9dbd0000 - 0x00007ffe9dbda000 	C:\Users\Mykola\.jdks\corretto-17.0.13\bin\jimage.dll
0x00007ffeb7430000 - 0x00007ffeb7614000 	C:\Windows\SYSTEM32\DBGHELP.DLL
0x00007ffeb73f0000 - 0x00007ffeb7424000 	C:\Windows\SYSTEM32\dbgcore.DLL
0x00007ffeb8420000 - 0x00007ffeb84a2000 	C:\Windows\System32\bcryptPrimitives.dll
0x00007ffeaa6f0000 - 0x00007ffeaa72b000 	C:\Users\Mykola\.jdks\corretto-17.0.13\bin\jdwp.dll
0x00007ffeaeca0000 - 0x00007ffeaecae000 	C:\Users\Mykola\.jdks\corretto-17.0.13\bin\instrument.dll
0x00007ffe96570000 - 0x00007ffe96595000 	C:\Users\Mykola\.jdks\corretto-17.0.13\bin\java.dll
0x00007ffe8a3e0000 - 0x00007ffe8a3f8000 	C:\Users\Mykola\.jdks\corretto-17.0.13\bin\zip.dll
0x00007ffe82b80000 - 0x00007ffe82c57000 	C:\Users\Mykola\.jdks\corretto-17.0.13\bin\jsvml.dll
0x00007ffeb9570000 - 0x00007ffeb9cdd000 	C:\Windows\System32\SHELL32.dll
0x00007ffeb5530000 - 0x00007ffeb5cd4000 	C:\Windows\SYSTEM32\windows.storage.dll
0x00007ffeb9f70000 - 0x00007ffeba2c3000 	C:\Windows\System32\combase.dll
0x00007ffeb6dd0000 - 0x00007ffeb6dfe000 	C:\Windows\SYSTEM32\Wldp.dll
0x00007ffeb8940000 - 0x00007ffeb8a0d000 	C:\Windows\System32\OLEAUT32.dll
0x00007ffeb86b0000 - 0x00007ffeb875d000 	C:\Windows\System32\SHCORE.dll
0x00007ffeba2d0000 - 0x00007ffeba325000 	C:\Windows\System32\shlwapi.dll
0x00007ffeb7a60000 - 0x00007ffeb7a84000 	C:\Windows\SYSTEM32\profapi.dll
0x00007ffe9b410000 - 0x00007ffe9b41c000 	C:\Users\Mykola\.jdks\corretto-17.0.13\bin\dt_socket.dll
0x00007ffeb6830000 - 0x00007ffeb686b000 	C:\Windows\SYSTEM32\IPHLPAPI.DLL
0x00007ffeb6b50000 - 0x00007ffeb6bba000 	C:\Windows\system32\mswsock.dll
0x00007ffe96550000 - 0x00007ffe96569000 	C:\Users\Mykola\.jdks\corretto-17.0.13\bin\net.dll
0x00007ffeb12d0000 - 0x00007ffeb13dd000 	C:\Windows\SYSTEM32\WINHTTP.dll
0x00007ffe95230000 - 0x00007ffe95246000 	C:\Users\Mykola\.jdks\corretto-17.0.13\bin\nio.dll

dbghelp: loaded successfully - version: 4.0.5 - missing functions: none
symbol engine: initialized successfully - sym options: 0x614 - pdb path: .;C:\Users\Mykola\.jdks\corretto-17.0.13\bin;C:\Windows\SYSTEM32;C:\Program Files\Norton Security\NortonData\22.23.10.10\Definitions\IPSDefs\20240809.064;C:\Windows\WinSxS\amd64_microsoft.windows.common-controls_6595b64144ccf1df_6.0.19041.4355_none_60b8b9eb71f62e16;C:\Users\Mykola\.jdks\corretto-17.0.13\bin\server

VM Arguments:
jvm_args: -agentlib:jdwp=transport=dt_socket,address=127.0.0.1:53803,suspend=y,server=n -javaagent:C:\Users\Mykola\AppData\Local\JetBrains\IdeaIC2022.1\captureAgent\debugger-agent.jar=file:/C:/Users/Mykola/AppData/Local/Temp/capture1.props -Dfile.encoding=UTF-8 
java_command: com.video.parser.VideoParserApplication
java_class_path (initial): D:\Video-parser\target\classes;C:\Users\Mykola\.m2\repository\org\springframework\boot\spring-boot-starter-web\3.4.1\spring-boot-starter-web-3.4.1.jar;C:\Users\Mykola\.m2\repository\org\springframework\boot\spring-boot-starter\3.4.1\spring-boot-starter-3.4.1.jar;C:\Users\Mykola\.m2\repository\org\springframework\boot\spring-boot\3.4.1\spring-boot-3.4.1.jar;C:\Users\Mykola\.m2\repository\org\springframework\boot\spring-boot-autoconfigure\3.4.1\spring-boot-autoconfigure-3.4.1.jar;C:\Users\Mykola\.m2\repository\org\springframework\boot\spring-boot-starter-logging\3.4.1\spring-boot-starter-logging-3.4.1.jar;C:\Users\Mykola\.m2\repository\ch\qos\logback\logback-classic\1.5.12\logback-classic-1.5.12.jar;C:\Users\Mykola\.m2\repository\ch\qos\logback\logback-core\1.5.12\logback-core-1.5.12.jar;C:\Users\Mykola\.m2\repository\org\apache\logging\log4j\log4j-to-slf4j\2.24.3\log4j-to-slf4j-2.24.3.jar;C:\Users\Mykola\.m2\repository\org\apache\logging\log4j\log4j-api\2.24.3\log4j-api-2.24.3.jar;C:\Users\Mykola\.m2\repository\org\slf4j\jul-to-slf4j\2.0.16\jul-to-slf4j-2.0.16.jar;C:\Users\Mykola\.m2\repository\jakarta\annotation\jakarta.annotation-api\2.1.1\jakarta.annotation-api-2.1.1.jar;C:\Users\Mykola\.m2\repository\org\yaml\snakeyaml\2.3\snakeyaml-2.3.jar;C:\Users\Mykola\.m2\repository\org\springframework\boot\spring-boot-starter-json\3.4.1\spring-boot-starter-json-3.4.1.jar;C:\Users\Mykola\.m2\repository\com\fasterxml\jackson\core\jackson-databind\2.18.2\jackson-databind-2.18.2.jar;C:\Users\Mykola\.m2\repository\com\fasterxml\jackson\core\jackson-annotations\2.18.2\jackson-annotations-2.18.2.jar;C:\Users\Mykola\.m2\repository\com\fasterxml\jackson\core\jackson-core\2.18.2\jackson-core-2.18.2.jar;C:\Users\Mykola\.m2\repository\com\fasterxml\jackson\datatype\jackson-datatype-jdk8\2.18.2\jackson-datatype-jdk8-2.18.2.jar;C:\Users\Mykola\.m2\repository\com\fasterxml\jackson\datatype\jackson-datatype-jsr310\2.18.2\jackson-datatype-jsr310-2.18.2.jar;C:\Us
Launcher Type: SUN_STANDARD

[Global flags]
     intx CICompilerCount                          = 4                                         {product} {ergonomic}
     uint ConcGCThreads                            = 3                                         {product} {ergonomic}
     uint G1ConcRefinementThreads                  = 10                                        {product} {ergonomic}
   size_t G1HeapRegionSize                         = 2097152                                   {product} {ergonomic}
    uintx GCDrainStackTargetSize                   = 64                                        {product} {ergonomic}
   size_t InitialHeapSize                          = 264241152                                 {product} {ergonomic}
   size_t MarkStackSize                            = 4194304                                   {product} {ergonomic}
   size_t MaxHeapSize                              = 4217372672                                {product} {ergonomic}
   size_t MaxNewSize                               = 2529165312                                {product} {ergonomic}
   size_t MinHeapDeltaBytes                        = 2097152                                   {product} {ergonomic}
   size_t MinHeapSize                              = 8388608                                   {product} {ergonomic}
    uintx NonNMethodCodeHeapSize                   = 5839372                                {pd product} {ergonomic}
    uintx NonProfiledCodeHeapSize                  = 122909434                              {pd product} {ergonomic}
    uintx ProfiledCodeHeapSize                     = 122909434                              {pd product} {ergonomic}
    uintx ReservedCodeCacheSize                    = 251658240                              {pd product} {ergonomic}
     bool SegmentedCodeCache                       = true                                      {product} {ergonomic}
   size_t SoftMaxHeapSize                          = 4217372672                             {manageable} {ergonomic}
     bool UseCompressedClassPointers               = true                           {product lp64_product} {ergonomic}
     bool UseCompressedOops                        = true                           {product lp64_product} {ergonomic}
     bool UseG1GC                                  = true                                      {product} {ergonomic}
     bool UseLargePagesIndividualAllocation        = false                                  {pd product} {ergonomic}

Logging:
Log output configuration:
 #0: stdout all=warning uptime,level,tags
 #1: stderr all=off uptime,level,tags

Environment Variables:
JAVA_HOME=C:\Program Files\Java\jdk-17
PATH=C:\Program Files (x86)\NVIDIA Corporation\PhysX\Common;C:\Program Files\Common Files\Oracle\Java\javapath;C:\Windows\system32;C:\Windows;C:\Windows\System32\Wbem;C:\Windows\System32\WindowsPowerShell\v1.0\;C:\Windows\System32\OpenSSH\;C:\Program Files\nodejs\;C:\Program Files\Microsoft SQL Server\150\Tools\Binn\;C:\Program Files\Microsoft SQL Server\Client SDK\ODBC\170\Tools\Binn\;C:\Program Files\dotnet\;C:\Program Files (x86)\Microsoft SQL Server\160\Tools\Binn\;C:\Program Files\Microsoft SQL Server\160\Tools\Binn\;C:\Program Files\Microsoft SQL Server\160\DTS\Binn\;C:\Program Files\Git\cmd;D:\Python\Scripts\;D:\Python\;C:\Users\Mykola\AppData\Local\Microsoft\WindowsApps;C:\Users\Mykola\AppData\Roaming\npm;C:\Users\Mykola\.dotnet\tools;D:\IntelliJ IDEA 2024.2.4\bin;;D:\універ\диплом;C:\Users\Mykola\AppData\Local\Programs\Microsoft VS Code\bin;D:\IntelliJ IDEA Community Edition 2022.1.3\bin;
USERNAME=Mykola
OS=Windows_NT
PROCESSOR_IDENTIFIER=Intel64 Family 6 Model 154 Stepping 3, GenuineIntel
TMP=C:\Users\Mykola\AppData\Local\Temp
TEMP=C:\Users\Mykola\AppData\Local\Temp



Periodic native trim disabled


---------------  S Y S T E M  ---------------

OS:
 Windows 10 , 64 bit Build 19041 (10.0.19041.5198)
OS uptime: 2 days 13:29 hours

CPU: total 12 (initial active 12) (6 cores per cpu, 2 threads per core) family 6 model 154 stepping 3 microcode 0x424, cx8, cmov, fxsr, ht, mmx, 3dnowpref, sse, sse2, sse3, ssse3, sse4.1, sse4.2, popcnt, lzcnt, tsc, tscinvbit, avx, avx2, aes, erms, clmul, bmi1, bmi2, adx, sha, fma, vzeroupper, clflush, clflushopt, clwb
Processor Information for all 12 processors :
  Max Mhz: 2000, Current Mhz: 2000, Mhz Limit: 2000

Memory: 4k page, system-wide physical 16085M (900M free)
TotalPageFile size 28570M (AvailPageFile size 5M)
current process WorkingSet (physical memory assigned to process): 68M, peak: 68M
current process commit charge ("private bytes"): 359M, peak: 359M

vm_info: OpenJDK 64-Bit Server VM (17.0.13+11-LTS) for windows-amd64 JRE (17.0.13+11-LTS), built on Oct 10 2024 19:51:30 by "Administrator" with MS VC++ 16.10 / 16.11 (VS2019)

END.
